[2019-01-19 14:23:57.786] [exthost1] [info] extension host started
[2019-01-19 14:24:00.294] [exthost1] [info] extension host started
[2019-01-19 14:24:00.315] [exthost1] [info] ExtensionService#_doActivateExtension vscode.debug-auto-launch {"startup":true,"activationEvent":"*"}
[2019-01-19 14:24:00.315] [exthost1] [info] ExtensionService#loadCommonJSModule c:\Users\Mark\.codemix\engine\resources\app\extensions\debug-auto-launch\out\extension
[2019-01-19 14:24:00.322] [exthost1] [info] ExtensionService#_doActivateExtension vscode.emmet {"startup":true,"activationEvent":"*"}
[2019-01-19 14:24:00.322] [exthost1] [info] ExtensionService#loadCommonJSModule c:\Users\Mark\.codemix\engine\resources\app\extensions\emmet\dist\extension
[2019-01-19 14:24:00.358] [exthost1] [info] ExtensionService#_doActivateExtension vscode.merge-conflict {"startup":true,"activationEvent":"*"}
[2019-01-19 14:24:00.358] [exthost1] [info] ExtensionService#loadCommonJSModule c:\Users\Mark\.codemix\engine\resources\app\extensions\merge-conflict\out\extension
[2019-01-19 14:24:00.374] [exthost1] [info] ExtensionService#_doActivateExtension vscode.search-rg {"startup":true,"activationEvent":"*"}
[2019-01-19 14:24:00.374] [exthost1] [info] ExtensionService#loadCommonJSModule c:\Users\Mark\.codemix\engine\resources\app\extensions\search-rg\out\extension
[2019-01-19 14:24:00.382] [exthost1] [info] ExtensionService#_doActivateExtension christian-kohler.path-intellisense {"startup":true,"activationEvent":"*"}
[2019-01-19 14:24:00.382] [exthost1] [info] ExtensionService#loadCommonJSModule C:\Users\Mark\.codemix\extensions\christian-kohler.path-intellisense-1.4.2\out\src\extension
[2019-01-19 14:24:00.395] [exthost1] [info] ExtensionService#_doActivateExtension dbaeumer.vscode-eslint {"startup":true,"activationEvent":"*"}
[2019-01-19 14:24:00.395] [exthost1] [info] ExtensionService#loadCommonJSModule C:\Users\Mark\.codemix\extensions\dbaeumer.vscode-eslint-1.4.10\client\out\extension
[2019-01-19 14:24:00.455] [exthost1] [info] ExtensionService#_doActivateExtension formulahendry.auto-close-tag {"startup":true,"activationEvent":"*"}
[2019-01-19 14:24:00.455] [exthost1] [info] ExtensionService#loadCommonJSModule C:\Users\Mark\.codemix\extensions\formulahendry.auto-close-tag-0.5.6\out\src\extension
[2019-01-19 14:24:00.456] [exthost1] [info] ExtensionService#_doActivateExtension HookyQR.beautify {"startup":true,"activationEvent":"*"}
[2019-01-19 14:24:00.456] [exthost1] [info] ExtensionService#loadCommonJSModule C:\Users\Mark\.codemix\extensions\hookyqr.beautify-1.3.0\extension
[2019-01-19 14:24:00.501] [exthost1] [info] ExtensionService#_doActivateExtension vscode.configuration-editing {"startup":false,"activationEvent":"onLanguage:jsonc"}
[2019-01-19 14:24:00.501] [exthost1] [info] ExtensionService#loadCommonJSModule c:\Users\Mark\.codemix\engine\resources\app\extensions\configuration-editing\out\extension
[2019-01-19 14:24:00.510] [exthost1] [info] ExtensionService#_doActivateExtension vscode.json-language-features {"startup":false,"activationEvent":"onLanguage:jsonc"}
[2019-01-19 14:24:00.510] [exthost1] [info] ExtensionService#loadCommonJSModule c:\Users\Mark\.codemix\engine\resources\app\extensions\json-language-features\client\dist\jsonMain
[2019-01-19 14:24:00.622] [exthost1] [info] ExtensionService#_doActivateExtension vscode.typescript-language-features {"startup":false,"activationEvent":"onLanguage:jsonc"}
[2019-01-19 14:24:00.622] [exthost1] [info] ExtensionService#loadCommonJSModule c:\Users\Mark\.codemix\engine\resources\app\extensions\typescript-language-features\dist\extension
[2019-01-19 14:24:00.725] [exthost1] [info] ExtensionService#_doActivateExtension vscode.grunt {"startup":false,"activationEvent":"onCommand:workbench.action.tasks.runTask"}
[2019-01-19 14:24:00.725] [exthost1] [info] ExtensionService#loadCommonJSModule c:\Users\Mark\.codemix\engine\resources\app\extensions\grunt\out\main
[2019-01-19 14:24:00.734] [exthost1] [info] ExtensionService#_doActivateExtension vscode.gulp {"startup":false,"activationEvent":"onCommand:workbench.action.tasks.runTask"}
[2019-01-19 14:24:00.734] [exthost1] [info] ExtensionService#loadCommonJSModule c:\Users\Mark\.codemix\engine\resources\app\extensions\gulp\out\main
[2019-01-19 14:24:00.740] [exthost1] [info] ExtensionService#_doActivateExtension vscode.jake {"startup":false,"activationEvent":"onCommand:workbench.action.tasks.runTask"}
[2019-01-19 14:24:00.740] [exthost1] [info] ExtensionService#loadCommonJSModule c:\Users\Mark\.codemix\engine\resources\app\extensions\jake\out\main
[2019-01-19 14:24:00.745] [exthost1] [info] ExtensionService#_doActivateExtension vscode.npm {"startup":false,"activationEvent":"onCommand:workbench.action.tasks.runTask"}
[2019-01-19 14:24:00.745] [exthost1] [info] ExtensionService#loadCommonJSModule c:\Users\Mark\.codemix\engine\resources\app\extensions\npm\out\main
[2019-01-19 14:24:01.248] [exthost1] [info] eager extensions activated
